<?xml version="1.0" encoding="UTF-8"?>
<!-- Generated by org.testng.reporters.JUnitXMLReporter -->
<testsuite ignored="4" hostname="Priyanka" failures="0" tests="6" name="Test" time="249.722" errors="0" timestamp="2023-07-16T14:58:25 IST">
  <testcase classname="com.bhim.npci.endToend.TransactionTest" name="enteringWrongPinWhileSendingMoneyTest" time="33.066"/>
  <testcase classname="com.bhim.npci.endToend.TransactionTest" name="payThroughScanner" time="33.464"/>
  <testcase classname="com.bhim.npci.endToend.TransactionTest" name="sendInvalidAmountTest" time="21.057"/>
  <testcase classname="com.bhim.npci.endToend.TransactionTest" name="sendingMoneyToContactAndValidateBalanceTest" time="55.939"/>
  <testcase classname="com.bhim.npci.endToend.LanguageTest" name="verifyLanguageTest" time="22.583"/>
  <testcase classname="com.bhim.npci.endToend.HomeTest" name="checkingBalanceAndVerifyTest" time="33.305"/>
  <testcase classname="com.bhim.npci.genericutility.BaseClass" name="@BeforeSuite config_BS" time="0.0">
    <ignored/>
  </testcase> <!-- @BeforeSuite config_BS -->
  <testcase classname="com.bhim.npci.genericutility.BaseClass" name="@AfterSuite config_AS" time="0.0">
    <ignored/>
  </testcase> <!-- @AfterSuite config_AS -->
  <testcase classname="com.bhim.npci.genericutility.BaseClass" name="@AfterSuite config_AS" time="0.0">
    <ignored/>
  </testcase> <!-- @AfterSuite config_AS -->
  <testcase classname="com.bhim.npci.genericutility.BaseClass" name="@BeforeSuite config_BS" time="0.0">
    <ignored/>
  </testcase> <!-- @BeforeSuite config_BS -->
</testsuite> <!-- Test -->
